Arguments: 
  C:\Program Files\nodejs\node.exe C:\Users\iamsy\AppData\Local\npm-cache\_npx\c094c3349f8dd527\node_modules\yarn\bin\yarn.js add uuid --force

PATH: 
  C:\Users\iamsy\AppData\Local\npm-cache\_npx\c094c3349f8dd527\node_modules\.bin;D:\Projects\GXMarketplace\Frontend\node_modules\.bin;D:\Projects\GXMarketplace\node_modules\.bin;D:\Projects\node_modules\.bin;D:\node_modules\.bin;C:\Program Files\nodejs\node_modules\npm\node_modules\@npmcli\run-script\lib\node-gyp-bin;C:\Users\iamsy\bin;C:\Program Files\Git\mingw64\bin;C:\Program Files\Git\usr\local\bin;C:\Program Files\Git\usr\bin;C:\Program Files\Git\usr\bin;C:\Program Files\Git\mingw64\bin;C:\Program Files\Git\usr\bin;C:\Users\iamsy\bin;C:\Python311\Scripts;C:\Python311;C:\Windows\system32;C:\Windows;C:\Windows\System32\Wbem;C:\Windows\System32\WindowsPowerShell\v1.0;C:\Windows\System32\OpenSSH;C:\Program Files\Git\cmd;C:\ProgramData\chocolatey\bin;C:\Program Files\Microsoft SQL Server\130\Tools\Binn;C:\Program Files\Microsoft SQL Server\Client SDK\ODBC\170\Tools\Binn;C:\Program Files\nodejs;C:\Program Files\MongoDB\Server\6.0\bin;C:\Users\iamsy\AppData\Local\Microsoft\WindowsApps;C:\Users\iamsy\AppData\Local\Programs\Microsoft VS Code\bin;C:\Users\iamsy\AppData\Roaming\npm;C:\Program Files\Git\usr\bin\vendor_perl;C:\Program Files\Git\usr\bin\core_perl

Yarn version: 
  1.22.19

Node version: 
  16.20.0

Platform: 
  win32 x64

Trace: 
  Error: EPERM: operation not permitted, unlink 'D:\Projects\GXMarketplace\Frontend\node_modules\bufferutil\prebuilds\win32-x64\node.napi.node'

npm manifest: 
  {
    "name": "hyperx-nft-marketplace",
    "version": "0.1.0",
    "private": true,
    "dependencies": {
      "@meronex/icons": "^4.0.0",
      "@testing-library/jest-dom": "^5.11.4",
      "@testing-library/react": "^11.1.0",
      "@testing-library/user-event": "^12.1.10",
      "antd": "^5.4.4",
      "aos": "^2.3.4",
      "apexcharts": "^3.30.0",
      "axios": "^0.24.0",
      "big-number": "^2.0.0",
      "copy-text-to-clipboard": "^3.0.1",
      "file-saver": "^2.0.5",
      "i18next": "^21.9.2",
      "i18next-browser-languagedetector": "^6.1.5",
      "i18next-xhr-backend": "^3.2.2",
      "ipfs-http-client": "^54.0.2",
      "lodash": "^4.17.21",
      "moment": "^2.29.4",
      "polished": "^4.1.3",
      "react": "^17.0.2",
      "react-apexcharts": "^1.3.9",
      "react-copy-to-clipboard": "^5.1.0",
      "react-device-detect": "^2.1.2",
      "react-dom": "^17.0.2",
      "react-ga": "^3.3.1",
      "react-helmet": "^6.1.0",
      "react-i18next": "^11.18.6",
      "react-loading": "^2.0.3",
      "react-loading-skeleton": "^2.2.0",
      "react-multiple-image-uploader": "^1.0.3",
      "react-router-dom": "^6.2.1",
      "react-scripts": "4.0.3",
      "react-tabs": "^6.0.0",
      "react-transition-group": "^4.4.2",
      "react-twitter-embed": "^3.0.3",
      "sha.js": "^2.4.11",
      "styled-components": "^5.3.3",
      "use-wallet": "^0.13.4",
      "web-vitals": "^1.0.1",
      "web3": "^1.6.1"
    },
    "scripts": {
      "start": "react-scripts start",
      "build": "GENERATE_SOURCEMAP=false react-scripts build",
      "test": "react-scripts test",
      "eject": "react-scripts eject"
    },
    "eslintConfig": {
      "extends": [
        "react-app",
        "react-app/jest"
      ]
    },
    "resolutions": {
      "react-error-overlay": "6.0.9"
    },
    "devDependencies": {
      "react-error-overlay": "6.0.9"
    },
    "browserslist": [
      ">0.2%",
      "not dead",
      "not op_mini all"
    ]
  }

yarn manifest: 
  No manifest

Lockfile: 
  No lockfile
